===========predict whitout PU=========== 
Thu Feb 16 17:53:59 2017
==========alfa: 0.05============
Thu Feb 16 17:53:59 2017
Thu Feb 16 17:54:38 2017

recall_score_noPU_DT: 0.996714848883
precision_score_noPU_DT: 0.0149968859466
f1_score_noPU_DT: 0.0295491658253
accuracy_DT: 0.402146
Thu Feb 16 17:59:57 2017


recall_score_noPU_NB: 0.769820411739
precision_score_noPU_NB: 0.00725157925574
f1_score_noPU_NB: 0.014367816092
accuracy_NB: 0.035484
Thu Feb 16 18:04:08 2017


recall_score_noPU_LR: 0.791721419185
precision_score_noPU_LR: 0.0761742208736
f1_score_noPU_LR: 0.138976990946
accuracy_LR: 0.910414
Thu Feb 16 18:08:11 2017


recall_score_noPU_RF: 0.951379763469
precision_score_noPU_RF: 0.0434534705759
f1_score_noPU_RF: 0.0831109197876
accuracy_RF: 0.808306
Thu Feb 16 18:13:37 2017

===========predict whitout PU=========== 
Thu Feb 16 18:17:10 2017
==========alfa: 0.25============
Thu Feb 16 18:17:10 2017
===========predict whitout PU=========== 
Thu Feb 16 18:18:06 2017
==========alfa: 0.25============
Thu Feb 16 18:18:06 2017
Thu Feb 16 18:18:06 2017

recall_score_noPU_DT: 0.987954445905
precision_score_noPU_DT: 0.0109930547094
f1_score_noPU_DT: 0.0217441602638
accuracy_DT: 0.188212
Thu Feb 16 18:30:48 2017


recall_score_noPU_NB: 0.769820411739
precision_score_noPU_NB: 0.00725225253107
f1_score_noPU_NB: 0.0143691376269
accuracy_NB: 0.035574
Thu Feb 16 18:38:49 2017


recall_score_noPU_LR: 0.492991677617
precision_score_noPU_LR: 0.216734065088
f1_score_noPU_LR: 0.301096843232
accuracy_LR: 0.9791
Thu Feb 16 18:44:42 2017


recall_score_noPU_RF: 0.882172579939
precision_score_noPU_RF: 0.012098239628
f1_score_noPU_RF: 0.0238691345661
accuracy_RF: 0.341098
Thu Feb 16 18:57:09 2017

