===========predict whitout PU=========== 
Sat Feb 18 14:48:32 2017
==========alfa: 0.05============
Sat Feb 18 14:48:33 2017
Sat Feb 18 14:48:42 2017
#### LogisticRegression ####

recall_score_noPU_LR: 0.8061760841
precision_score_noPU_LR: 0.0720366347678
f1_score_noPU_LR: 0.13225545675
accuracy_LR: 0.903394
Sat Feb 18 14:53:46 2017

===========predict whitout PU=========== 
Sat Feb 18 14:53:46 2017
==========alfa: 0.1============
Sat Feb 18 14:53:46 2017
Sat Feb 18 14:53:47 2017
#### LogisticRegression ####

recall_score_noPU_LR: 0.806395094174
precision_score_noPU_LR: 0.0728661613663
f1_score_noPU_LR: 0.133655189938
accuracy_LR: 0.904534
Sat Feb 18 14:59:23 2017

===========predict whitout PU=========== 
Sat Feb 18 14:59:23 2017
==========alfa: 0.15============
Sat Feb 18 14:59:23 2017
Sat Feb 18 14:59:24 2017
#### LogisticRegression ####

recall_score_noPU_LR: 0.771134472186
precision_score_noPU_LR: 0.0823240589198
f1_score_noPU_LR: 0.148766266689
accuracy_LR: 0.919412
Sat Feb 18 15:05:42 2017

===========predict whitout PU=========== 
Sat Feb 18 15:05:42 2017
==========alfa: 0.2============
Sat Feb 18 15:05:42 2017
Sat Feb 18 15:05:43 2017
#### LogisticRegression ####

recall_score_noPU_LR: 0.80223390276
precision_score_noPU_LR: 0.0735276406118
f1_score_noPU_LR: 0.134708737864
accuracy_LR: 0.905884
Sat Feb 18 15:13:39 2017

