Sat Feb 25 16:43:30 2017
===Predict with RN===

==========blta: 0.9============
###### LogisticRegression #######

recall_score_PU_LR: 0.927755527797
precision_score_PU_LR: 0.778952717679
f1_score_PU_LR: 0.846867285765
accuracy_LR: 0.8347383176977285
Sat Feb 25 16:52:18 2017

###### DecisionTreeClassifier #######

recall_score_PU_DT: 0.995518524719
precision_score_PU_DT: 0.640573081098
f1_score_PU_DT: 0.779543598173
accuracy_DT: 0.7226567207728365
Sat Feb 25 16:56:35 2017

###### RandomForestClassifier #######

recall_score_PU_RF: 0.942243055645
precision_score_PU_RF: 0.847911741529
f1_score_PU_RF: 0.892592027814
accuracy_RF: 0.8883053287917134
Sat Feb 25 17:00:39 2017

Sat Feb 25 17:00:39 2017
===Predict with RN===

==========blta: 0.7============
###### LogisticRegression #######

recall_score_PU_LR: 0.869303182105
precision_score_PU_LR: 0.886111840378
f1_score_PU_LR: 0.877627037112
accuracy_LR: 0.8805921866377424
Sat Feb 25 17:04:20 2017

###### DecisionTreeClassifier #######

recall_score_PU_DT: 0.997450195099
precision_score_PU_DT: 0.617697957621
f1_score_PU_DT: 0.762930567458
accuracy_DT: 0.6946712082865534
Sat Feb 25 17:07:44 2017

###### RandomForestClassifier #######

recall_score_PU_RF: 0.949789447929
precision_score_PU_RF: 0.844708119066
f1_score_PU_RF: 0.894172132439
accuracy_RF: 0.8892631285164253
Sat Feb 25 17:11:07 2017

Sat Feb 25 17:11:07 2017
===Predict with RN===

==========blta: 0.6============
###### LogisticRegression #######

recall_score_PU_LR: 0.851196991745
precision_score_PU_LR: 0.891577641092
f1_score_PU_LR: 0.870919500096
accuracy_LR: 0.8757207284352343
Sat Feb 25 17:14:48 2017

###### DecisionTreeClassifier #######

recall_score_PU_DT: 0.996497237711
precision_score_PU_DT: 0.638620439221
f1_score_PU_DT: 0.778394745048
accuracy_DT: 0.7205254578092393
Sat Feb 25 17:19:01 2017

###### RandomForestClassifier #######

recall_score_PU_RF: 0.942590756313
precision_score_PU_RF: 0.856963892661
f1_score_PU_RF: 0.897740164965
accuracy_RF: 0.8942297323869511
Sat Feb 25 17:22:36 2017

Sat Feb 25 17:22:36 2017
===Predict with RN===

==========blta: 0.5============
###### LogisticRegression #######

recall_score_PU_LR: 0.845131546753
precision_score_PU_LR: 0.886001269053
f1_score_PU_LR: 0.865083968258
accuracy_LR: 0.8701578783784641
Sat Feb 25 17:26:18 2017

###### DecisionTreeClassifier #######

recall_score_PU_DT: 0.997424439494
precision_score_PU_DT: 0.617657378906
f1_score_PU_DT: 0.7628920813
accuracy_DT: 0.6946141208857427
Sat Feb 25 17:29:35 2017

###### RandomForestClassifier #######

recall_score_PU_RF: 0.949415991655
precision_score_PU_RF: 0.847842587056
f1_score_PU_RF: 0.895759041122
accuracy_RF: 0.8911596988322456
Sat Feb 25 17:32:55 2017

Sat Feb 25 17:32:55 2017
===Predict with RN===

==========blta: 0.4============
###### LogisticRegression #######

recall_score_PU_LR: 0.840598560262
precision_score_PU_LR: 0.892893782915
f1_score_PU_LR: 0.86595736213
accuracy_LR: 0.8718197560465072
Sat Feb 25 17:36:42 2017

###### DecisionTreeClassifier #######

recall_score_PU_DT: 0.995196579656
precision_score_PU_DT: 0.525657071339
f1_score_PU_DT: 0.687945377422
accuracy_DT: 0.5552954907296405
Sat Feb 25 17:40:09 2017

###### RandomForestClassifier #######

recall_score_PU_RF: 0.951630973691
precision_score_PU_RF: 0.840894866805
f1_score_PU_RF: 0.892842471546
accuracy_RF: 0.8874870760467609
Sat Feb 25 17:43:48 2017

Sat Feb 25 17:43:48 2017
===Predict with RN===

==========blta: 0.3============
###### LogisticRegression #######

recall_score_PU_LR: 0.801553062985
precision_score_PU_LR: 0.89837480515
f1_score_PU_LR: 0.847206625969
accuracy_LR: 0.8575923071555885
Sat Feb 25 17:48:25 2017

###### DecisionTreeClassifier #######

recall_score_PU_DT: 1.0
precision_score_PU_DT: 0.492556437239
f1_score_PU_DT: 0.660017169133
accuracy_DT: 0.49255643723874587
Sat Feb 25 17:50:18 2017

###### RandomForestClassifier #######

recall_score_PU_RF: 0.94007958482
precision_score_PU_RF: 0.857723624999
f1_score_PU_RF: 0.897015273835
accuracy_RF: 0.8936778875124483
Sat Feb 25 17:55:43 2017

Sat Feb 25 17:55:44 2017
===Predict with RN===

==========blta: 0.2============
###### LogisticRegression #######

recall_score_PU_LR: 0.777342794226
precision_score_PU_LR: 0.9
f1_score_PU_LR: 0.834186687672
accuracy_LR: 0.8477859603052273
Sat Feb 25 18:00:38 2017

###### DecisionTreeClassifier #######

recall_score_PU_DT: 0.995724569559
precision_score_PU_DT: 0.521882044844
f1_score_PU_DT: 0.684829348437
accuracy_DT: 0.5485718635230538
Sat Feb 25 18:03:56 2017

###### RandomForestClassifier #######

recall_score_PU_RF: 0.947638854906
precision_score_PU_RF: 0.849351908494
f1_score_PU_RF: 0.895807464758
accuracy_RF: 0.8914197636581607
Sat Feb 25 18:07:35 2017

Tue Feb 28 13:53:14 2017
===Predict with RN===

==========blta: 0.4============
###### DecisionTreeClassifier #######

recall_score_PU_DT: 0.995376868891
precision_score_PU_DT: 0.525698662187
f1_score_PU_DT: 0.68802406936
accuracy_DT: 0.5553779503085892
Tue Feb 28 13:56:27 2017

Tue Feb 28 13:56:27 2017
===Predict with RN===

==========blta: 0.3============
###### DecisionTreeClassifier #######

recall_score_PU_DT: 0.99506780163
precision_score_PU_DT: 0.515064658046
f1_score_PU_DT: 0.678780531728
accuracy_DT: 0.536114124057265
Tue Feb 28 13:59:39 2017

Tue Feb 28 13:59:39 2017
===Predict with RN===

==========blta: 0.2============
###### DecisionTreeClassifier #######

recall_score_PU_DT: 0.996020759018
precision_score_PU_DT: 0.522164161975
f1_score_PU_DT: 0.685142287676
accuracy_DT: 0.5490919931748841
Tue Feb 28 14:03:00 2017

Tue Feb 28 14:05:38 2017
===Predict with RN===

==========blta: 0.5============
###### DecisionTreeClassifier #######

recall_score_PU_DT: 0.997347172678
precision_score_PU_DT: 0.506921762808
f1_score_PU_DT: 0.672189626441
accuracy_DT: 0.5208591019517548
Tue Feb 28 14:09:11 2017

Tue Feb 28 14:09:11 2017
===Predict with RN===

==========blta: 0.4============
###### DecisionTreeClassifier #######

recall_score_PU_DT: 0.996072270228
precision_score_PU_DT: 0.522996199981
f1_score_PU_DT: 0.685870350747
accuracy_DT: 0.5505889516850297
Tue Feb 28 14:12:41 2017

Tue Feb 28 14:12:41 2017
===Predict with RN===

==========blta: 0.3============
###### DecisionTreeClassifier #######

recall_score_PU_DT: 0.995415502299
precision_score_PU_DT: 0.511291176081
f1_score_PU_DT: 0.675575638129
accuracy_DT: 0.5290987168020906
Tue Feb 28 14:16:20 2017

Tue Feb 28 14:16:20 2017
===Predict with RN===

==========blta: 0.2============
###### DecisionTreeClassifier #######

recall_score_PU_DT: 0.995840469782
precision_score_PU_DT: 0.521900519673
f1_score_PU_DT: 0.68487266576
accuracy_DT: 0.5486099217902609
Tue Feb 28 14:19:50 2017

