Tue Feb 28 14:20:02 2017
===Predict with RN===

==========blta: 0.9============
###### DecisionTreeClassifier #######

recall_score_PU_DT: 0.995660180547
precision_score_PU_DT: 0.639927164377
f1_score_PU_DT: 0.779108493347
accuracy_DT: 0.7219145845622982
Tue Feb 28 14:23:31 2017

Tue Feb 28 14:23:31 2017
===Predict with RN===

==========blta: 0.7============
###### DecisionTreeClassifier #######

recall_score_PU_DT: 0.995428380101
precision_score_PU_DT: 0.645554080124
f1_score_PU_DT: 0.783192834563
accuracy_DT: 0.728543066100867
Tue Feb 28 14:27:08 2017

Tue Feb 28 14:27:08 2017
===Predict with RN===

==========blta: 0.6============
###### DecisionTreeClassifier #######

recall_score_PU_DT: 0.997836529175
precision_score_PU_DT: 0.617233303594
f1_score_PU_DT: 0.762688925089
accuracy_DT: 0.6941447355901886
Tue Feb 28 14:30:37 2017

Tue Feb 28 14:30:37 2017
===Predict with RN===

==========blta: 0.5============
###### DecisionTreeClassifier #######

recall_score_PU_DT: 0.995801836375
precision_score_PU_DT: 0.508968004792
f1_score_PU_DT: 0.673632950318
accuracy_DT: 0.5247283591178094
Tue Feb 28 14:34:07 2017

Tue Feb 28 14:34:07 2017
===Predict with RN===

==========blta: 0.4============
###### DecisionTreeClassifier #######

recall_score_PU_DT: 0.996651771342
precision_score_PU_DT: 0.523775040606
f1_score_PU_DT: 0.686677343365
accuracy_DT: 0.5520097936607613
Tue Feb 28 14:37:46 2017

Tue Feb 28 14:37:46 2017
===Predict with RN===

==========blta: 0.3============
###### DecisionTreeClassifier #######

recall_score_PU_DT: 0.994179233256
precision_score_PU_DT: 0.517041382867
f1_score_PU_DT: 0.680286915221
accuracy_DT: 0.5397233163974045
Tue Feb 28 14:41:15 2017

Tue Feb 28 14:41:15 2017
===Predict with RN===

==========blta: 0.2============
###### DecisionTreeClassifier #######

recall_score_PU_DT: 0.995582913732
precision_score_PU_DT: 0.522202558664
f1_score_PU_DT: 0.685071710553
accuracy_DT: 0.5491427375311602
Tue Feb 28 14:44:46 2017

